2021/08/09 04:15:11 [crit] 1#1: pread() "/etc/nginx/conf.d/default.conf" failed (21: Is a directory)
2021/08/09 04:15:14 [crit] 1#1: pread() "/etc/nginx/conf.d/default.conf" failed (21: Is a directory)
2021/08/09 04:15:16 [crit] 1#1: pread() "/etc/nginx/conf.d/default.conf" failed (21: Is a directory)
2021/08/09 04:15:18 [crit] 1#1: pread() "/etc/nginx/conf.d/default.conf" failed (21: Is a directory)
2021/08/09 04:15:21 [crit] 1#1: pread() "/etc/nginx/conf.d/default.conf" failed (21: Is a directory)
2021/08/09 04:15:24 [crit] 1#1: pread() "/etc/nginx/conf.d/default.conf" failed (21: Is a directory)
2021/08/09 04:15:29 [crit] 1#1: pread() "/etc/nginx/conf.d/default.conf" failed (21: Is a directory)
2021/08/09 04:15:37 [crit] 1#1: pread() "/etc/nginx/conf.d/default.conf" failed (21: Is a directory)
2021/08/09 04:15:52 [crit] 1#1: pread() "/etc/nginx/conf.d/default.conf" failed (21: Is a directory)
2021/08/09 04:16:19 [crit] 1#1: pread() "/etc/nginx/conf.d/default.conf" failed (21: Is a directory)
2021/08/09 04:28:43 [crit] 1#1: pread() "/etc/nginx/conf.d/default.conf" failed (21: Is a directory)
2021/08/09 04:28:46 [crit] 1#1: pread() "/etc/nginx/conf.d/default.conf" failed (21: Is a directory)
2021/08/09 04:28:48 [crit] 1#1: pread() "/etc/nginx/conf.d/default.conf" failed (21: Is a directory)
2021/08/09 04:28:50 [crit] 1#1: pread() "/etc/nginx/conf.d/default.conf" failed (21: Is a directory)
2021/08/09 04:28:52 [crit] 1#1: pread() "/etc/nginx/conf.d/default.conf" failed (21: Is a directory)
2021/08/09 04:28:56 [crit] 1#1: pread() "/etc/nginx/conf.d/default.conf" failed (21: Is a directory)
2021/08/09 04:29:01 [crit] 1#1: pread() "/etc/nginx/conf.d/default.conf" failed (21: Is a directory)
2021/08/09 04:29:09 [crit] 1#1: pread() "/etc/nginx/conf.d/default.conf" failed (21: Is a directory)
2021/08/09 06:24:41 [crit] 1#1: pread() "/etc/nginx/conf.d/default.conf" failed (21: Is a directory)
2021/08/09 10:38:32 [crit] 1#1: pread() "/etc/nginx/conf.d/default.conf" failed (21: Is a directory)
2021/08/09 10:38:34 [crit] 1#1: pread() "/etc/nginx/conf.d/default.conf" failed (21: Is a directory)
2021/08/09 10:38:37 [crit] 1#1: pread() "/etc/nginx/conf.d/default.conf" failed (21: Is a directory)
2021/08/09 10:38:39 [crit] 1#1: pread() "/etc/nginx/conf.d/default.conf" failed (21: Is a directory)
2021/08/09 10:38:41 [crit] 1#1: pread() "/etc/nginx/conf.d/default.conf" failed (21: Is a directory)
2021/08/09 10:38:45 [crit] 1#1: pread() "/etc/nginx/conf.d/default.conf" failed (21: Is a directory)
2021/08/09 10:38:49 [crit] 1#1: pread() "/etc/nginx/conf.d/default.conf" failed (21: Is a directory)
2021/08/09 10:38:57 [crit] 1#1: pread() "/etc/nginx/conf.d/default.conf" failed (21: Is a directory)
2021/08/09 10:39:25 [crit] 1#1: pread() "/etc/nginx/conf.d/default.conf" failed (21: Is a directory)
2021/08/09 10:39:27 [crit] 1#1: pread() "/etc/nginx/conf.d/default.conf" failed (21: Is a directory)
2021/08/09 10:39:28 [crit] 1#1: pread() "/etc/nginx/conf.d/default.conf" failed (21: Is a directory)
2021/08/09 10:39:30 [crit] 1#1: pread() "/etc/nginx/conf.d/default.conf" failed (21: Is a directory)
2021/08/09 10:39:32 [crit] 1#1: pread() "/etc/nginx/conf.d/default.conf" failed (21: Is a directory)
2021/08/09 10:39:35 [crit] 1#1: pread() "/etc/nginx/conf.d/default.conf" failed (21: Is a directory)
2021/08/09 10:39:39 [crit] 1#1: pread() "/etc/nginx/conf.d/default.conf" failed (21: Is a directory)
2021/08/09 10:39:47 [crit] 1#1: pread() "/etc/nginx/conf.d/default.conf" failed (21: Is a directory)
2021/08/09 10:40:01 [crit] 1#1: pread() "/etc/nginx/conf.d/default.conf" failed (21: Is a directory)
2021/08/09 10:40:27 [crit] 1#1: pread() "/etc/nginx/conf.d/default.conf" failed (21: Is a directory)
2021/08/09 10:41:20 [crit] 1#1: pread() "/etc/nginx/conf.d/default.conf" failed (21: Is a directory)
2021/08/09 10:42:21 [crit] 1#1: pread() "/etc/nginx/conf.d/default.conf" failed (21: Is a directory)
2021/08/09 10:43:22 [crit] 1#1: pread() "/etc/nginx/conf.d/default.conf" failed (21: Is a directory)
2021/08/09 10:57:00 [crit] 1#1: pread() "/etc/nginx/conf.d/default.conf" failed (21: Is a directory)
2021/08/09 10:57:02 [crit] 1#1: pread() "/etc/nginx/conf.d/default.conf" failed (21: Is a directory)
2021/08/09 10:57:03 [crit] 1#1: pread() "/etc/nginx/conf.d/default.conf" failed (21: Is a directory)
2021/08/09 10:57:05 [crit] 1#1: pread() "/etc/nginx/conf.d/default.conf" failed (21: Is a directory)
2021/08/09 10:57:07 [crit] 1#1: pread() "/etc/nginx/conf.d/default.conf" failed (21: Is a directory)
2021/08/09 10:57:10 [crit] 1#1: pread() "/etc/nginx/conf.d/default.conf" failed (21: Is a directory)
2021/08/09 10:57:14 [crit] 1#1: pread() "/etc/nginx/conf.d/default.conf" failed (21: Is a directory)
2021/08/09 10:57:22 [crit] 1#1: pread() "/etc/nginx/conf.d/default.conf" failed (21: Is a directory)
2021/08/09 10:57:35 [crit] 1#1: pread() "/etc/nginx/conf.d/default.conf" failed (21: Is a directory)
2021/08/09 10:58:02 [crit] 1#1: pread() "/etc/nginx/conf.d/default.conf" failed (21: Is a directory)
2021/08/09 10:58:54 [crit] 1#1: pread() "/etc/nginx/conf.d/default.conf" failed (21: Is a directory)
2021/08/09 10:59:55 [crit] 1#1: pread() "/etc/nginx/conf.d/default.conf" failed (21: Is a directory)
2021/08/09 11:00:57 [crit] 1#1: pread() "/etc/nginx/conf.d/default.conf" failed (21: Is a directory)
2021/08/09 11:01:58 [crit] 1#1: pread() "/etc/nginx/conf.d/default.conf" failed (21: Is a directory)
2021/08/09 11:02:59 [crit] 1#1: pread() "/etc/nginx/conf.d/default.conf" failed (21: Is a directory)
2021/08/09 11:04:01 [crit] 1#1: pread() "/etc/nginx/conf.d/default.conf" failed (21: Is a directory)
2021/08/09 11:05:02 [crit] 1#1: pread() "/etc/nginx/conf.d/default.conf" failed (21: Is a directory)
2021/08/09 11:06:03 [crit] 1#1: pread() "/etc/nginx/conf.d/default.conf" failed (21: Is a directory)
2021/08/09 11:07:04 [crit] 1#1: pread() "/etc/nginx/conf.d/default.conf" failed (21: Is a directory)
2021/08/09 11:08:05 [crit] 1#1: pread() "/etc/nginx/conf.d/default.conf" failed (21: Is a directory)
2021/08/09 11:09:06 [crit] 1#1: pread() "/etc/nginx/conf.d/default.conf" failed (21: Is a directory)
2021/08/09 11:10:08 [crit] 1#1: pread() "/etc/nginx/conf.d/default.conf" failed (21: Is a directory)
2021/08/09 11:11:09 [crit] 1#1: pread() "/etc/nginx/conf.d/default.conf" failed (21: Is a directory)
2021/08/09 11:12:10 [crit] 1#1: pread() "/etc/nginx/conf.d/default.conf" failed (21: Is a directory)
2021/08/09 11:13:11 [crit] 1#1: pread() "/etc/nginx/conf.d/default.conf" failed (21: Is a directory)
2021/08/09 11:14:13 [crit] 1#1: pread() "/etc/nginx/conf.d/default.conf" failed (21: Is a directory)
2021/08/09 11:15:14 [crit] 1#1: pread() "/etc/nginx/conf.d/default.conf" failed (21: Is a directory)
2021/08/09 11:16:15 [crit] 1#1: pread() "/etc/nginx/conf.d/default.conf" failed (21: Is a directory)
2021/08/09 11:17:16 [crit] 1#1: pread() "/etc/nginx/conf.d/default.conf" failed (21: Is a directory)
2021/08/09 11:18:17 [crit] 1#1: pread() "/etc/nginx/conf.d/default.conf" failed (21: Is a directory)
2021/08/09 11:19:18 [crit] 1#1: pread() "/etc/nginx/conf.d/default.conf" failed (21: Is a directory)
2021/08/09 11:20:20 [crit] 1#1: pread() "/etc/nginx/conf.d/default.conf" failed (21: Is a directory)
2021/08/09 11:21:21 [crit] 1#1: pread() "/etc/nginx/conf.d/default.conf" failed (21: Is a directory)
2021/08/09 11:22:22 [crit] 1#1: pread() "/etc/nginx/conf.d/default.conf" failed (21: Is a directory)
2021/08/09 11:23:23 [crit] 1#1: pread() "/etc/nginx/conf.d/default.conf" failed (21: Is a directory)
2021/08/09 11:24:24 [crit] 1#1: pread() "/etc/nginx/conf.d/default.conf" failed (21: Is a directory)
2021/08/09 11:25:25 [crit] 1#1: pread() "/etc/nginx/conf.d/default.conf" failed (21: Is a directory)
2021/08/09 11:26:26 [crit] 1#1: pread() "/etc/nginx/conf.d/default.conf" failed (21: Is a directory)
2021/08/09 11:27:27 [crit] 1#1: pread() "/etc/nginx/conf.d/default.conf" failed (21: Is a directory)
2021/08/09 11:28:29 [crit] 1#1: pread() "/etc/nginx/conf.d/default.conf" failed (21: Is a directory)
2021/08/09 11:29:30 [crit] 1#1: pread() "/etc/nginx/conf.d/default.conf" failed (21: Is a directory)
2021/08/09 11:30:31 [crit] 1#1: pread() "/etc/nginx/conf.d/default.conf" failed (21: Is a directory)
2021/08/09 11:31:32 [crit] 1#1: pread() "/etc/nginx/conf.d/default.conf" failed (21: Is a directory)
2021/08/09 11:32:33 [crit] 1#1: pread() "/etc/nginx/conf.d/default.conf" failed (21: Is a directory)
2021/08/09 11:33:34 [crit] 1#1: pread() "/etc/nginx/conf.d/default.conf" failed (21: Is a directory)
2021/08/09 11:34:36 [crit] 1#1: pread() "/etc/nginx/conf.d/default.conf" failed (21: Is a directory)
2021/08/09 11:35:37 [crit] 1#1: pread() "/etc/nginx/conf.d/default.conf" failed (21: Is a directory)
2021/08/09 11:36:38 [crit] 1#1: pread() "/etc/nginx/conf.d/default.conf" failed (21: Is a directory)
2021/08/09 11:37:39 [crit] 1#1: pread() "/etc/nginx/conf.d/default.conf" failed (21: Is a directory)
2021/08/09 11:38:40 [crit] 1#1: pread() "/etc/nginx/conf.d/default.conf" failed (21: Is a directory)
2021/08/09 11:39:41 [crit] 1#1: pread() "/etc/nginx/conf.d/default.conf" failed (21: Is a directory)
2021/08/09 11:40:43 [crit] 1#1: pread() "/etc/nginx/conf.d/default.conf" failed (21: Is a directory)
2021/08/09 11:41:44 [crit] 1#1: pread() "/etc/nginx/conf.d/default.conf" failed (21: Is a directory)
2021/08/09 11:42:45 [crit] 1#1: pread() "/etc/nginx/conf.d/default.conf" failed (21: Is a directory)
2021/08/09 11:43:46 [crit] 1#1: pread() "/etc/nginx/conf.d/default.conf" failed (21: Is a directory)
2021/08/09 11:44:47 [crit] 1#1: pread() "/etc/nginx/conf.d/default.conf" failed (21: Is a directory)
2021/08/09 11:45:48 [crit] 1#1: pread() "/etc/nginx/conf.d/default.conf" failed (21: Is a directory)
2021/08/09 11:46:50 [crit] 1#1: pread() "/etc/nginx/conf.d/default.conf" failed (21: Is a directory)
2021/08/09 11:47:51 [crit] 1#1: pread() "/etc/nginx/conf.d/default.conf" failed (21: Is a directory)
2021/08/09 11:48:52 [crit] 1#1: pread() "/etc/nginx/conf.d/default.conf" failed (21: Is a directory)
2021/08/09 11:49:53 [crit] 1#1: pread() "/etc/nginx/conf.d/default.conf" failed (21: Is a directory)
2021/08/09 11:50:54 [crit] 1#1: pread() "/etc/nginx/conf.d/default.conf" failed (21: Is a directory)
2021/08/09 11:51:55 [crit] 1#1: pread() "/etc/nginx/conf.d/default.conf" failed (21: Is a directory)
2021/08/09 11:52:56 [crit] 1#1: pread() "/etc/nginx/conf.d/default.conf" failed (21: Is a directory)
2021/08/09 11:53:57 [crit] 1#1: pread() "/etc/nginx/conf.d/default.conf" failed (21: Is a directory)
2021/08/09 11:54:58 [crit] 1#1: pread() "/etc/nginx/conf.d/default.conf" failed (21: Is a directory)
2021/08/09 11:56:00 [crit] 1#1: pread() "/etc/nginx/conf.d/default.conf" failed (21: Is a directory)
2021/08/09 11:57:01 [crit] 1#1: pread() "/etc/nginx/conf.d/default.conf" failed (21: Is a directory)
2021/08/09 11:58:02 [crit] 1#1: pread() "/etc/nginx/conf.d/default.conf" failed (21: Is a directory)
2021/08/09 11:59:03 [crit] 1#1: pread() "/etc/nginx/conf.d/default.conf" failed (21: Is a directory)
2021/08/09 12:00:04 [crit] 1#1: pread() "/etc/nginx/conf.d/default.conf" failed (21: Is a directory)
2021/08/09 12:01:05 [crit] 1#1: pread() "/etc/nginx/conf.d/default.conf" failed (21: Is a directory)
2021/08/09 12:02:06 [crit] 1#1: pread() "/etc/nginx/conf.d/default.conf" failed (21: Is a directory)
2021/08/09 12:03:08 [crit] 1#1: pread() "/etc/nginx/conf.d/default.conf" failed (21: Is a directory)
2021/08/09 13:18:17 [notice] 1#1: using the "epoll" event method
2021/08/09 13:18:17 [notice] 1#1: nginx/1.20.1
2021/08/09 13:18:17 [notice] 1#1: built by gcc 10.2.1 20201203 (Alpine 10.2.1_pre1) 
2021/08/09 13:18:17 [notice] 1#1: OS: Linux 5.10.16.3-microsoft-standard-WSL2
2021/08/09 13:18:17 [notice] 1#1: getrlimit(RLIMIT_NOFILE): 1048576:1048576
2021/08/09 13:18:17 [notice] 1#1: start worker processes
2021/08/09 13:18:17 [notice] 1#1: start worker process 32
2021/08/09 13:18:17 [notice] 1#1: start worker process 33
2021/08/09 13:18:17 [notice] 1#1: start worker process 34
2021/08/09 13:18:17 [notice] 1#1: start worker process 35
2021/08/09 13:18:17 [notice] 1#1: start worker process 36
2021/08/09 13:18:17 [notice] 1#1: start worker process 37
2021/08/09 13:18:17 [notice] 1#1: start worker process 38
2021/08/09 13:18:17 [notice] 1#1: start worker process 39
